[debug] [2023-05-03T05:48:17.863Z] ----------------------------------------------------------------------
[debug] [2023-05-03T05:48:17.865Z] Command:       C:\Program Files\nodejs\node.exe C:\Users\MOBI20227690\AppData\Roaming\npm\node_modules\firebase-tools\lib\bin\firebase.js init
[debug] [2023-05-03T05:48:17.866Z] CLI Version:   11.29.1
[debug] [2023-05-03T05:48:17.866Z] Platform:      win32
[debug] [2023-05-03T05:48:17.866Z] Node Version:  v16.14.2
[debug] [2023-05-03T05:48:17.871Z] Time:          Wed May 03 2023 13:48:17 GMT+0800 (Philippine Standard Time)
[debug] [2023-05-03T05:48:17.871Z] ----------------------------------------------------------------------
[debug] 
[debug] [2023-05-03T05:48:17.890Z] > command requires scopes: ["email","openid","https://www.googleapis.com/auth/cloudplatformprojects.readonly","https://www.googleapis.com/auth/firebase","https://www.googleapis.com/auth/cloud-platform"]
[debug] [2023-05-03T05:48:17.891Z] > authorizing via signed-in user (jonalyn.mobilla@mlhuillier.com)
[info] 
     ######## #### ########  ######## ########     ###     ######  ########
     ##        ##  ##     ## ##       ##     ##  ##   ##  ##       ##
     ######    ##  ########  ######   ########  #########  ######  ######
     ##        ##  ##    ##  ##       ##     ## ##     ##       ## ##
     ##       #### ##     ## ######## ########  ##     ##  ######  ########

You're about to initialize a Firebase project in this directory:

  G:\PROJECTS - 2023\mlHousingLoan

[info] 
=== Project Setup
[info] 
[info] First, let's associate this project directory with a Firebase project.
[info] You can create multiple project aliases by running firebase use --add, 
[info] but for now we'll just set up a default project.
[info] 
[debug] [2023-05-03T05:48:55.405Z] > refreshing access token with scopes: []
[debug] [2023-05-03T05:48:55.407Z] >>> [apiv2][query] POST https://www.googleapis.com/oauth2/v3/token [none]
[debug] [2023-05-03T05:48:55.407Z] >>> [apiv2][body] POST https://www.googleapis.com/oauth2/v3/token [omitted]
[debug] [2023-05-03T05:48:55.695Z] <<< [apiv2][status] POST https://www.googleapis.com/oauth2/v3/token 400
[debug] [2023-05-03T05:48:55.696Z] <<< [apiv2][body] POST https://www.googleapis.com/oauth2/v3/token [omitted]
[debug] [2023-05-03T05:48:55.696Z] >>> [apiv2][query] GET https://firebase.googleapis.com/v1beta1/projects pageSize=100
[debug] [2023-05-03T05:48:56.000Z] <<< [apiv2][status] GET https://firebase.googleapis.com/v1beta1/projects 401
[debug] [2023-05-03T05:48:56.001Z] <<< [apiv2][body] GET https://firebase.googleapis.com/v1beta1/projects [omitted]
[debug] [2023-05-03T05:48:56.001Z] HTTP Error: 401, Request had invalid authentication credentials. Expected OAuth 2 access token, login cookie or other valid authentication credential. See https://developers.google.com/identity/sign-in/web/devconsole-project.
[debug] [2023-05-03T05:48:56.267Z] FirebaseError: HTTP Error: 401, Request had invalid authentication credentials. Expected OAuth 2 access token, login cookie or other valid authentication credential. See https://developers.google.com/identity/sign-in/web/devconsole-project.
    at responseToError (C:\Users\MOBI20227690\AppData\Roaming\npm\node_modules\firebase-tools\lib\responseToError.js:49:12)
    at RetryOperation._fn (C:\Users\MOBI20227690\AppData\Roaming\npm\node_modules\firebase-tools\lib\apiv2.js:288:77)
    at processTicksAndRejections (node:internal/process/task_queues:96:5)
[error] 
[error] Error: Failed to list Firebase projects. See firebase-debug.log for more info.
[debug] [2023-05-03T05:50:03.940Z] ----------------------------------------------------------------------
[debug] [2023-05-03T05:50:03.943Z] Command:       C:\Program Files\nodejs\node.exe C:\Users\MOBI20227690\AppData\Roaming\npm\node_modules\firebase-tools\lib\bin\firebase.js init
[debug] [2023-05-03T05:50:03.943Z] CLI Version:   11.29.1
[debug] [2023-05-03T05:50:03.944Z] Platform:      win32
[debug] [2023-05-03T05:50:03.944Z] Node Version:  v16.14.2
[debug] [2023-05-03T05:50:03.947Z] Time:          Wed May 03 2023 13:50:03 GMT+0800 (Philippine Standard Time)
[debug] [2023-05-03T05:50:03.947Z] ----------------------------------------------------------------------
[debug] 
[debug] [2023-05-03T05:50:03.960Z] > command requires scopes: ["email","openid","https://www.googleapis.com/auth/cloudplatformprojects.readonly","https://www.googleapis.com/auth/firebase","https://www.googleapis.com/auth/cloud-platform"]
[debug] [2023-05-03T05:50:03.961Z] > authorizing via signed-in user (jonalyn.mobilla@mlhuillier.com)
[info] 
     ######## #### ########  ######## ########     ###     ######  ########
     ##        ##  ##     ## ##       ##     ##  ##   ##  ##       ##
     ######    ##  ########  ######   ########  #########  ######  ######
     ##        ##  ##    ##  ##       ##     ## ##     ##       ## ##
     ##       #### ##     ## ######## ########  ##     ##  ######  ########

You're about to initialize a Firebase project in this directory:

  G:\PROJECTS - 2023\mlHousingLoan

[info] 
=== Project Setup
[info] 
[info] First, let's associate this project directory with a Firebase project.
[info] You can create multiple project aliases by running firebase use --add, 
[info] but for now we'll just set up a default project.
[info] 
[info] i  If you want to create a project in a Google Cloud organization or folder, please use "firebase projects:create" instead, and return to this command when you've created the project. 
[debug] [2023-05-03T05:50:59.126Z] > refreshing access token with scopes: []
[debug] [2023-05-03T05:50:59.128Z] >>> [apiv2][query] POST https://www.googleapis.com/oauth2/v3/token [none]
[debug] [2023-05-03T05:50:59.128Z] >>> [apiv2][body] POST https://www.googleapis.com/oauth2/v3/token [omitted]
[debug] [2023-05-03T05:50:59.385Z] <<< [apiv2][status] POST https://www.googleapis.com/oauth2/v3/token 400
[debug] [2023-05-03T05:50:59.385Z] <<< [apiv2][body] POST https://www.googleapis.com/oauth2/v3/token [omitted]
[debug] [2023-05-03T05:50:59.385Z] >>> [apiv2][query] POST https://cloudresourcemanager.googleapis.com/v1/projects [none]
[debug] [2023-05-03T05:50:59.386Z] >>> [apiv2][body] POST https://cloudresourcemanager.googleapis.com/v1/projects {"projectId":"ml-housing-loan","name":"ml-housing-loan"}
[debug] [2023-05-03T05:51:00.654Z] <<< [apiv2][status] POST https://cloudresourcemanager.googleapis.com/v1/projects 401
[debug] [2023-05-03T05:51:00.655Z] <<< [apiv2][body] POST https://cloudresourcemanager.googleapis.com/v1/projects {"error":{"code":401,"message":"Request had invalid authentication credentials. Expected OAuth 2 access token, login cookie or other valid authentication credential. See https://developers.google.com/identity/sign-in/web/devconsole-project.","status":"UNAUTHENTICATED","details":[{"@type":"type.googleapis.com/google.rpc.ErrorInfo","reason":"ACCESS_TOKEN_TYPE_UNSUPPORTED","metadata":{"method":"google.cloudresourcemanager.v1.Projects.CreateProject","service":"cloudresourcemanager.googleapis.com"}}]}}
[debug] [2023-05-03T05:51:00.886Z] FirebaseError: HTTP Error: 401, Request had invalid authentication credentials. Expected OAuth 2 access token, login cookie or other valid authentication credential. See https://developers.google.com/identity/sign-in/web/devconsole-project.
    at responseToError (C:\Users\MOBI20227690\AppData\Roaming\npm\node_modules\firebase-tools\lib\responseToError.js:49:12)
    at RetryOperation._fn (C:\Users\MOBI20227690\AppData\Roaming\npm\node_modules\firebase-tools\lib\apiv2.js:288:77)
    at processTicksAndRejections (node:internal/process/task_queues:96:5)
[error] 
[error] Error: Failed to create project. See firebase-debug.log for more info.
