INFO 2023-05-25T09:29:35.245 ApplicationController - createApplication - setId 53
INFO 2023-05-25T09:29:35.248 ApplicationController - createApplication - convertDate 25 May 2023
INFO 2023-05-25T09:29:35.251 ApplicationController - createApplication  - insert data to the database
INFO 2023-05-25T09:29:35.425 ApplicationController - createApplication  - get data from the database.
INFO 2023-05-25T09:29:37.318 SmsController - sendSmsNotification  - {"code":"1","message":"Message Sent Successfully","mobileno":"9071152272","sender":"MLHUILLIER"}
INFO 2023-05-25T09:29:37.318 checkForeignerApplication - SEND MESSAGE REASON: Foreigner Single - HL-230525-000054
INFO 2023-05-25T09:29:37.318 ApplicationController - checkApplication  - check application if denied or to be process.
INFO 2023-05-25T09:29:37.328 ApplicationController - send response to the client Success - undefined: 2, {"code":"1","message":"Message Sent Successfully","mobileno":"9071152272","sender":"MLHUILLIER"}
INFO 2023-05-25T09:35:09.528 ApplicationController - createApplication - setId 54
INFO 2023-05-25T09:35:09.530 ApplicationController - createApplication - convertDate 25 May 2023
INFO 2023-05-25T09:35:09.532 ApplicationController - createApplication  - insert data to the database
INFO 2023-05-25T09:35:09.708 ApplicationController - createApplication  - get data from the database.
INFO 2023-05-25T09:35:11.676 ApplicationController - GenerateAndStorePdf -  responseMesage - undefined
INFO 2023-05-25T09:35:12.527 SmsController - sendSmsNotification  - {"code":"1","message":"Message Sent Successfully","mobileno":"9071152272","sender":"MLHUILLIER"}
INFO 2023-05-25T09:35:12.527 checkForeignerApplication - FOREIGNER: PROCEED TO DENIED FOLDER, NOT CONDO LOAN TYPE: House and Lot - HL-230525-000055
INFO 2023-05-25T09:35:12.527 ApplicationController - checkApplication  - check application if denied or to be process.
INFO 2023-05-25T09:35:12.528 ApplicationController - send response to the client Success - undefined: 2, {"code":"1","message":"Message Sent Successfully","mobileno":"9071152272","sender":"MLHUILLIER"}
INFO 2023-05-25T09:35:15.812 DriveController - UploadFileToDrive:  Stored in Drive - {"kind":"drive#file","id":"1X5YhfL1oDevJq8B_ELoGtJMKBe6fUn88","name":"Home Loan - HL-230525-000055","mimeType":"application/pdf"}: code - 1
INFO 2023-05-25T09:40:55.564 ApplicationController - createApplication - setId 55
INFO 2023-05-25T09:40:55.569 ApplicationController - createApplication - convertDate 25 May 2023
INFO 2023-05-25T09:40:55.575 ApplicationController - createApplication  - insert data to the database
INFO 2023-05-25T09:40:55.773 ApplicationController - createApplication  - get data from the database.
INFO 2023-05-25T09:40:55.884 ApplicationController - GenerateAndStorePdf -  responseMesage - undefined
INFO 2023-05-25T09:40:57.191 SmsController - sendSmsNotification  - {"code":"1","message":"Message Sent Successfully","mobileno":"9071152272","sender":"MLHUILLIER"}
INFO 2023-05-25T09:40:57.192 checkForeignerApplication - FOREIGNER: PROCEED TO DENIED FOLDER, NOT CONDO LOAN TYPE: Refinance - HL-230525-000056
INFO 2023-05-25T09:40:57.192 ApplicationController - checkApplication  - check application if denied or to be process.
INFO 2023-05-25T09:40:57.195 ApplicationController - send response to the client Success - undefined: 0, {"code":"1","message":"Message Sent Successfully","mobileno":"9071152272","sender":"MLHUILLIER"}
INFO 2023-05-25T09:40:59.751 DriveController - UploadFileToDrive:  Stored in Drive - {"kind":"drive#file","id":"1eMdyV2QoKChsuBmcOIaYMwvHlJNfJv5a","name":"Home Loan - HL-230525-000056","mimeType":"application/pdf"}: code - 1
INFO 2023-05-25T10:37:55.757 ApplicationController - createApplication - setId 56
ERROR 2023-05-25T10:37:55.769 ApplicationController - Service Error  - SequelizeValidationError: Validation error: Validation isEmail on email failed,
Validation error: Validation isEmail on confirmEmail failed: code - 3
INFO 2023-05-25T10:37:55.761 ApplicationController - createApplication - convertDate 25 May 2023
INFO 2023-05-25T10:37:55.766 ApplicationController - createApplication  - insert data to the database
INFO 2023-05-25T10:41:50.481 ApplicationController - createApplication - setId 56
INFO 2023-05-25T10:41:50.484 ApplicationController - createApplication - convertDate 25 May 2023
INFO 2023-05-25T10:41:50.488 ApplicationController - createApplication  - insert data to the database
INFO 2023-05-25T10:41:50.694 ApplicationController - createApplication  - get data from the database.
INFO 2023-05-25T10:41:52.510 ApplicationController - GenerateAndStorePdf -  responseMesage - undefined
INFO 2023-05-25T10:41:53.421 SmsController - sendSmsNotification  - {"code":"1","message":"Message Sent Successfully","mobileno":"9071152272","sender":"MLHUILLIER"}
INFO 2023-05-25T10:41:53.421 checkFilipinoApplication - FILIPINO: PROCEED TO BPI FOLDER LOAN TYPE: House and Lot - HL-230525-000057
INFO 2023-05-25T10:41:53.421 ApplicationController - checkApplication  - check application if denied or to be process.
INFO 2023-05-25T10:41:53.423 ApplicationController - send response to the client Success - undefined: 1, {"code":"1","message":"Message Sent Successfully","mobileno":"9071152272","sender":"MLHUILLIER"}
INFO 2023-05-25T10:41:56.287 DriveController - UploadFileToDrive:  Stored in Drive - {"kind":"drive#file","id":"1IrOpOeOlh-AxH4IXMHYfasoRp1WJhOmP","name":"Home Loan - HL-230525-000057","mimeType":"application/pdf"}: code - 1
INFO 2023-05-25T10:57:11.630 ApplicationController - createApplication - setId 57
INFO 2023-05-25T10:57:11.641 ApplicationController - createApplication - convertDate 25 May 2023
INFO 2023-05-25T10:57:11.645 ApplicationController - createApplication  - insert data to the database
INFO 2023-05-25T10:57:11.822 ApplicationController - createApplication  - get data from the database.
INFO 2023-05-25T10:57:11.935 ApplicationController - GenerateAndStorePdf -  responseMesage - undefined
INFO 2023-05-25T10:57:12.956 SmsController - sendSmsNotification  - {"code":"1","message":"Message Sent Successfully","mobileno":"9071152272","sender":"MLHUILLIER"}
INFO 2023-05-25T10:57:12.956 checkFilipinoApplication - FILIPINO: PROCEED TO BPI FOLDER LOAN TYPE: House and Lot - HL-230525-000058
INFO 2023-05-25T10:57:12.956 ApplicationController - checkApplication  - check application if denied or to be process.
INFO 2023-05-25T10:57:12.957 ApplicationController - send response to the client Success - undefined: 1, {"code":"1","message":"Message Sent Successfully","mobileno":"9071152272","sender":"MLHUILLIER"}
INFO 2023-05-25T10:57:15.775 DriveController - UploadFileToDrive:  Stored in Drive - {"kind":"drive#file","id":"1Xvx9KfRCuQKd6Xk0pQTh5alrAG6m77Xv","name":"Home Loan - HL-230525-000058","mimeType":"application/pdf"}: code - 1
INFO 2023-05-25T11:23:02.007 ApplicationController - createApplication - setId 58
INFO 2023-05-25T11:23:02.013 ApplicationController - createApplication - convertDate 25 May 2023
INFO 2023-05-25T11:23:02.018 ApplicationController - createApplication  - insert data to the database
INFO 2023-05-25T11:23:02.212 ApplicationController - createApplication  - get data from the database.
INFO 2023-05-25T11:23:04.011 ApplicationController - GenerateAndStorePdf -  responseMesage - undefined
INFO 2023-05-25T11:23:05.696 SmsController - sendSmsNotification  - {"code":"1","message":"Message Sent Successfully","mobileno":"9071152272","sender":"MLHUILLIER"}
INFO 2023-05-25T11:23:05.697 checkFilipinoApplication - FILIPINO: PROCEED TO BPI FOLDER LOAN TYPE: House and Lot - HL-230525-000059
INFO 2023-05-25T11:23:05.697 ApplicationController - checkApplication  - check application if denied or to be process.
INFO 2023-05-25T11:23:05.699 ApplicationController - send response to the client Success - undefined: 1, {"code":"1","message":"Message Sent Successfully","mobileno":"9071152272","sender":"MLHUILLIER"}
INFO 2023-05-25T11:23:08.257 DriveController - UploadFileToDrive:  Stored in Drive - {"kind":"drive#file","id":"1Rfs7t8Fb0WDQCs4oozfdREBSrdyX1aX4","name":"Home Loan - HL-230525-000059","mimeType":"application/pdf"}: code - 1
INFO 2023-05-25T11:26:29.974 ApplicationController - createApplication - setId 59
INFO 2023-05-25T11:26:29.975 ApplicationController - createApplication - convertDate 25 May 2023
INFO 2023-05-25T11:26:29.978 ApplicationController - createApplication  - insert data to the database
INFO 2023-05-25T11:26:30.148 ApplicationController - createApplication  - get data from the database.
INFO 2023-05-25T11:26:30.188 ApplicationController - GenerateAndStorePdf -  responseMesage - undefined
INFO 2023-05-25T11:26:30.951 SmsController - sendSmsNotification  - {"code":"1","message":"Message Sent Successfully","mobileno":"9071152272","sender":"MLHUILLIER"}
INFO 2023-05-25T11:26:30.951 checkForeignerApplication - FOREIGNER: PROCEED TO DENIED FOLDER, NOT CONDO LOAN TYPE: House and Lot - HL-230525-000060
INFO 2023-05-25T11:26:30.951 ApplicationController - checkApplication  - check application if denied or to be process.
INFO 2023-05-25T11:26:30.952 ApplicationController - send response to the client Success - undefined: 0, {"code":"1","message":"Message Sent Successfully","mobileno":"9071152272","sender":"MLHUILLIER"}
INFO 2023-05-25T11:26:34.164 DriveController - UploadFileToDrive:  Stored in Drive - {"kind":"drive#file","id":"1qDug_-vI6vbdZIjwPuXMrIrNZ0PyY76-","name":"Home Loan - HL-230525-000060","mimeType":"application/pdf"}: code - 1
INFO 2023-05-25T11:27:31.363 ApplicationController - createApplication - setId 60
INFO 2023-05-25T11:27:31.365 ApplicationController - createApplication - convertDate 25 May 2023
INFO 2023-05-25T11:27:31.367 ApplicationController - createApplication  - insert data to the database
INFO 2023-05-25T11:27:31.547 ApplicationController - createApplication  - get data from the database.
INFO 2023-05-25T11:27:31.614 ApplicationController - GenerateAndStorePdf -  responseMesage - undefined
INFO 2023-05-25T11:27:32.146 SmsController - sendSmsNotification  - {"code":"1","message":"Message Sent Successfully","mobileno":"9071152272","sender":"MLHUILLIER"}
INFO 2023-05-25T11:27:32.146 checkForeignerApplication - FOREIGNER: PROCEED TO DENIED FOLDER, GMI IS LESS THAN 25K LOAN TYPE: Condo - HL-230525-000061
INFO 2023-05-25T11:27:32.146 ApplicationController - checkApplication  - check application if denied or to be process.
INFO 2023-05-25T11:27:32.147 ApplicationController - send response to the client Success - undefined: 2, {"code":"1","message":"Message Sent Successfully","mobileno":"9071152272","sender":"MLHUILLIER"}
INFO 2023-05-25T11:27:35.700 DriveController - UploadFileToDrive:  Stored in Drive - {"kind":"drive#file","id":"1J1pKNjZnKkrxMYZnjcc3_IzOUVYnkOdV","name":"Home Loan - HL-230525-000061","mimeType":"application/pdf"}: code - 1
INFO 2023-05-25T11:28:37.575 ApplicationController - createApplication - setId 61
INFO 2023-05-25T11:28:37.576 ApplicationController - createApplication - convertDate 25 May 2023
INFO 2023-05-25T11:28:37.578 ApplicationController - createApplication  - insert data to the database
INFO 2023-05-25T11:28:37.750 ApplicationController - createApplication  - get data from the database.
INFO 2023-05-25T11:28:37.845 ApplicationController - GenerateAndStorePdf -  responseMesage - undefined
INFO 2023-05-25T11:28:38.388 SmsController - sendSmsNotification  - {"code":"1","message":"Message Sent Successfully","mobileno":"9071152272","sender":"MLHUILLIER"}
INFO 2023-05-25T11:28:38.388 checkFilipinoApplication - FILIPINO: PROCEED TO BPI FOLDER LOAN TYPE: Refinance - HL-230525-000062
INFO 2023-05-25T11:28:38.388 ApplicationController - checkApplication  - check application if denied or to be process.
INFO 2023-05-25T11:28:38.388 ApplicationController - send response to the client Success - undefined: 1, {"code":"1","message":"Message Sent Successfully","mobileno":"9071152272","sender":"MLHUILLIER"}
INFO 2023-05-25T11:28:41.479 DriveController - UploadFileToDrive:  Stored in Drive - {"kind":"drive#file","id":"1RTcCf_wyt8nhCtdw6B8jnO9xB12qJocm","name":"Home Loan - HL-230525-000062","mimeType":"application/pdf"}: code - 1
INFO 2023-05-25T14:25:09.933 ApplicationController - createApplication - setId 65
INFO 2023-05-25T14:25:09.941 ApplicationController - createApplication - convertDate 25 May 2023
INFO 2023-05-25T14:25:09.944 ApplicationController - createApplication  - insert data to the database
INFO 2023-05-25T14:25:10.128 ApplicationController - createApplication  - get data from the database.
INFO 2023-05-25T14:25:12.787 ApplicationController - GenerateAndStorePdf -  responseMesage - undefined
INFO 2023-05-25T14:25:13.913 SmsController - sendSmsNotification  - {"code":"1","message":"Message Sent Successfully","mobileno":"9071152272","sender":"MLHUILLIER"}
INFO 2023-05-25T14:25:13.913 checkFilipinoApplication - FILIPINO: PROCEED TO BPI FOLDER LOAN TYPE: House and Lot - HL-230525-000066
INFO 2023-05-25T14:25:13.913 ApplicationController - checkApplication  - check application if denied or to be process.
INFO 2023-05-25T14:25:13.918 ApplicationController - send response to the client Success - undefined: 1, {"code":"1","message":"Message Sent Successfully","mobileno":"9071152272","sender":"MLHUILLIER"}
INFO 2023-05-25T14:25:17.997 DriveController - UploadFileToDrive:  Stored in Drive - {"kind":"drive#file","id":"10nYVTFTuyEOxh-A6KAMmbVSLmcbp0HXm","name":"Home Loan - HL-230525-000066","mimeType":"application/pdf"}: code - 1
INFO 2023-05-25T15:27:22.955 ApplicationController - createApplication - setId 70
INFO 2023-05-25T15:27:22.962 ApplicationController - createApplication - convertDate 25 May 2023
INFO 2023-05-25T15:27:22.967 ApplicationController - createApplication  - insert data to the database
INFO 2023-05-25T15:27:23.150 ApplicationController - createApplication  - get data from the database.
INFO 2023-05-25T15:27:25.568 ApplicationController - GenerateAndStorePdf -  responseMesage - undefined
INFO 2023-05-25T15:27:27.028 SmsController - sendSmsNotification  - {"code":"1","message":"Message Sent Successfully","mobileno":"9071152272","sender":"MLHUILLIER"}
INFO 2023-05-25T15:27:27.028 checkFilipinoApplication - FILIPINO: PROCEED TO BPI FOLDER LOAN TYPE: House and Lot - HL-230525-000071
INFO 2023-05-25T15:27:27.028 ApplicationController - checkApplication  - check application if denied or to be process.
INFO 2023-05-25T15:27:27.032 ApplicationController - send response to the client Success - undefined: 1, {"code":"1","message":"Message Sent Successfully","mobileno":"9071152272","sender":"MLHUILLIER"}
INFO 2023-05-25T15:27:27.829 driveConfig - loadSavedCredentialsIfExist -  responseMesage - {"type":"authorized_user","client_id":"678387388926-3j7vd5mat5s8b28er8sim9cuqo6v1pqn.apps.googleusercontent.com","client_secret":"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","refresh_token":"1//0gcpZYERfOcuECgYIARAAGBASNwF-L9Ir6zvDFpSFMnPs3xEHx6WLNN8hAKtQHRhu_w-AiyQu_TReY2UV9lplNTl-TBCUwiy6IJ8"}
INFO 2023-05-25T15:27:27.840 driveConfig - accessDrive -  responseMesage - {"context":{"_options":{"auth":{"_events":{},"_eventsCount":0,"transporter":{},"credentials":{"refresh_token":"1//0gcpZYERfOcuECgYIARAAGBASNwF-L9Ir6zvDFpSFMnPs3xEHx6WLNN8hAKtQHRhu_w-AiyQu_TReY2UV9lplNTl-TBCUwiy6IJ8"},"eagerRefreshThresholdMillis":300000,"forceRefreshOnFailure":false,"certificateCache":{},"certificateExpiry":null,"certificateCacheFormat":"PEM","refreshTokenPromises":{},"_clientId":"678387388926-3j7vd5mat5s8b28er8sim9cuqo6v1pqn.apps.googleusercontent.com","_clientSecret":"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","_refreshToken":"1//0gcpZYERfOcuECgYIARAAGBASNwF-L9Ir6zvDFpSFMnPs3xEHx6WLNN8hAKtQHRhu_w-AiyQu_TReY2UV9lplNTl-TBCUwiy6IJ8"}},"google":{"_discovery":{"transporter":{},"options":{"debug":false,"includePrivate":false}},"auth":{"jsonContent":null,"cachedCredential":null,"_cachedProjectId":null},"_options":{}}},"about":{"context":{"_options":{"auth":{"_events":{},"_eventsCount":0,"transporter":{},"credentials":{"refresh_token":"1//0gcpZYERfOcuECgYIARAAGBASNwF-L9Ir6zvDFpSFMnPs3xEHx6WLNN8hAKtQHRhu_w-AiyQu_TReY2UV9lplNTl-TBCUwiy6IJ8"},"eagerRefreshThresholdMillis":300000,"forceRefreshOnFailure":false,"certificateCache":{},"certificateExpiry":null,"certificateCacheFormat":"PEM","refreshTokenPromises":{},"_clientId":"678387388926-3j7vd5mat5s8b28er8sim9cuqo6v1pqn.apps.googleusercontent.com","_clientSecret":"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","_refreshToken":"1//0gcpZYERfOcuECgYIARAAGBASNwF-L9Ir6zvDFpSFMnPs3xEHx6WLNN8hAKtQHRhu_w-AiyQu_TReY2UV9lplNTl-TBCUwiy6IJ8"}},"google":{"_discovery":{"transporter":{},"options":{"debug":false,"includePrivate":false}},"auth":{"jsonContent":null,"cachedCredential":null,"_cachedProjectId":null},"_options":{}}}},"changes":{"context":{"_options":{"auth":{"_events":{},"_eventsCount":0,"transporter":{},"credentials":{"refresh_token":"1//0gcpZYERfOcuECgYIARAAGBASNwF-L9Ir6zvDFpSFMnPs3xEHx6WLNN8hAKtQHRhu_w-AiyQu_TReY2UV9lplNTl-TBCUwiy6IJ8"},"eagerRefreshThresholdMillis":300000,"forceRefreshOnFailure":false,"certificateCache":{},"certificateExpiry":null,"certificateCacheFormat":"PEM","refreshTokenPromises":{},"_clientId":"678387388926-3j7vd5mat5s8b28er8sim9cuqo6v1pqn.apps.googleusercontent.com","_clientSecret":"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","_refreshToken":"1//0gcpZYERfOcuECgYIARAAGBASNwF-L9Ir6zvDFpSFMnPs3xEHx6WLNN8hAKtQHRhu_w-AiyQu_TReY2UV9lplNTl-TBCUwiy6IJ8"}},"google":{"_discovery":{"transporter":{},"options":{"debug":false,"includePrivate":false}},"auth":{"jsonContent":null,"cachedCredential":null,"_cachedProjectId":null},"_options":{}}}},"channels":{"context":{"_options":{"auth":{"_events":{},"_eventsCount":0,"transporter":{},"credentials":{"refresh_token":"1//0gcpZYERfOcuECgYIARAAGBASNwF-L9Ir6zvDFpSFMnPs3xEHx6WLNN8hAKtQHRhu_w-AiyQu_TReY2UV9lplNTl-TBCUwiy6IJ8"},"eagerRefreshThresholdMillis":300000,"forceRefreshOnFailure":false,"certificateCache":{},"certificateExpiry":null,"certificateCacheFormat":"PEM","refreshTokenPromises":{},"_clientId":"678387388926-3j7vd5mat5s8b28er8sim9cuqo6v1pqn.apps.googleusercontent.com","_clientSecret":"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","_refreshToken":"1//0gcpZYERfOcuECgYIARAAGBASNwF-L9Ir6zvDFpSFMnPs3xEHx6WLNN8hAKtQHRhu_w-AiyQu_TReY2UV9lplNTl-TBCUwiy6IJ8"}},"google":{"_discovery":{"transporter":{},"options":{"debug":false,"includePrivate":false}},"auth":{"jsonContent":null,"cachedCredential":null,"_cachedProjectId":null},"_options":{}}}},"comments":{"context":{"_options":{"auth":{"_events":{},"_eventsCount":0,"transporter":{},"credentials":{"refresh_token":"1//0gcpZYERfOcuECgYIARAAGBASNwF-L9Ir6zvDFpSFMnPs3xEHx6WLNN8hAKtQHRhu_w-AiyQu_TReY2UV9lplNTl-TBCUwiy6IJ8"},"eagerRefreshThresholdMillis":300000,"forceRefreshOnFailure":false,"certificateCache":{},"certificateExpiry":null,"certificateCacheFormat":"PEM","refreshTokenPromises":{},"_clientId":"678387388926-3j7vd5mat5s8b28er8sim9cuqo6v1pqn.apps.googleusercontent.com","_clientSecret":"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","_refreshToken":"1//0gcpZYERfOcuECgYIARAAGBASNwF-L9Ir6zvDFpSFMnPs3xEHx6WLNN8hAKtQHRhu_w-AiyQu_TReY2UV9lplNTl-TBCUwiy6IJ8"}},"google":{"_discovery":{"transporter":{},"options":{"debug":false,"includePrivate":false}},"auth":{"jsonContent":null,"cachedCredential":null,"_cachedProjectId":null},"_options":{}}}},"drives":{"context":{"_options":{"auth":{"_events":{},"_eventsCount":0,"transporter":{},"credentials":{"refresh_token":"1//0gcpZYERfOcuECgYIARAAGBASNwF-L9Ir6zvDFpSFMnPs3xEHx6WLNN8hAKtQHRhu_w-AiyQu_TReY2UV9lplNTl-TBCUwiy6IJ8"},"eagerRefreshThresholdMillis":300000,"forceRefreshOnFailure":false,"certificateCache":{},"certificateExpiry":null,"certificateCacheFormat":"PEM","refreshTokenPromises":{},"_clientId":"678387388926-3j7vd5mat5s8b28er8sim9cuqo6v1pqn.apps.googleusercontent.com","_clientSecret":"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","_refreshToken":"1//0gcpZYERfOcuECgYIARAAGBASNwF-L9Ir6zvDFpSFMnPs3xEHx6WLNN8hAKtQHRhu_w-AiyQu_TReY2UV9lplNTl-TBCUwiy6IJ8"}},"google":{"_discovery":{"transporter":{},"options":{"debug":false,"includePrivate":false}},"auth":{"jsonContent":null,"cachedCredential":null,"_cachedProjectId":null},"_options":{}}}},"files":{"context":{"_options":{"auth":{"_events":{},"_eventsCount":0,"transporter":{},"credentials":{"refresh_token":"1//0gcpZYERfOcuECgYIARAAGBASNwF-L9Ir6zvDFpSFMnPs3xEHx6WLNN8hAKtQHRhu_w-AiyQu_TReY2UV9lplNTl-TBCUwiy6IJ8"},"eagerRefreshThresholdMillis":300000,"forceRefreshOnFailure":false,"certificateCache":{},"certificateExpiry":null,"certificateCacheFormat":"PEM","refreshTokenPromises":{},"_clientId":"678387388926-3j7vd5mat5s8b28er8sim9cuqo6v1pqn.apps.googleusercontent.com","_clientSecret":"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","_refreshToken":"1//0gcpZYERfOcuECgYIARAAGBASNwF-L9Ir6zvDFpSFMnPs3xEHx6WLNN8hAKtQHRhu_w-AiyQu_TReY2UV9lplNTl-TBCUwiy6IJ8"}},"google":{"_discovery":{"transporter":{},"options":{"debug":false,"includePrivate":false}},"auth":{"jsonContent":null,"cachedCredential":null,"_cachedProjectId":null},"_options":{}}}},"permissions":{"context":{"_options":{"auth":{"_events":{},"_eventsCount":0,"transporter":{},"credentials":{"refresh_token":"1//0gcpZYERfOcuECgYIARAAGBASNwF-L9Ir6zvDFpSFMnPs3xEHx6WLNN8hAKtQHRhu_w-AiyQu_TReY2UV9lplNTl-TBCUwiy6IJ8"},"eagerRefreshThresholdMillis":300000,"forceRefreshOnFailure":false,"certificateCache":{},"certificateExpiry":null,"certificateCacheFormat":"PEM","refreshTokenPromises":{},"_clientId":"678387388926-3j7vd5mat5s8b28er8sim9cuqo6v1pqn.apps.googleusercontent.com","_clientSecret":"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","_refreshToken":"1//0gcpZYERfOcuECgYIARAAGBASNwF-L9Ir6zvDFpSFMnPs3xEHx6WLNN8hAKtQHRhu_w-AiyQu_TReY2UV9lplNTl-TBCUwiy6IJ8"}},"google":{"_discovery":{"transporter":{},"options":{"debug":false,"includePrivate":false}},"auth":{"jsonContent":null,"cachedCredential":null,"_cachedProjectId":null},"_options":{}}}},"replies":{"context":{"_options":{"auth":{"_events":{},"_eventsCount":0,"transporter":{},"credentials":{"refresh_token":"1//0gcpZYERfOcuECgYIARAAGBASNwF-L9Ir6zvDFpSFMnPs3xEHx6WLNN8hAKtQHRhu_w-AiyQu_TReY2UV9lplNTl-TBCUwiy6IJ8"},"eagerRefreshThresholdMillis":300000,"forceRefreshOnFailure":false,"certificateCache":{},"certificateExpiry":null,"certificateCacheFormat":"PEM","refreshTokenPromises":{},"_clientId":"678387388926-3j7vd5mat5s8b28er8sim9cuqo6v1pqn.apps.googleusercontent.com","_clientSecret":"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","_refreshToken":"1//0gcpZYERfOcuECgYIARAAGBASNwF-L9Ir6zvDFpSFMnPs3xEHx6WLNN8hAKtQHRhu_w-AiyQu_TReY2UV9lplNTl-TBCUwiy6IJ8"}},"google":{"_discovery":{"transporter":{},"options":{"debug":false,"includePrivate":false}},"auth":{"jsonContent":null,"cachedCredential":null,"_cachedProjectId":null},"_options":{}}}},"revisions":{"context":{"_options":{"auth":{"_events":{},"_eventsCount":0,"transporter":{},"credentials":{"refresh_token":"1//0gcpZYERfOcuECgYIARAAGBASNwF-L9Ir6zvDFpSFMnPs3xEHx6WLNN8hAKtQHRhu_w-AiyQu_TReY2UV9lplNTl-TBCUwiy6IJ8"},"eagerRefreshThresholdMillis":300000,"forceRefreshOnFailure":false,"certificateCache":{},"certificateExpiry":null,"certificateCacheFormat":"PEM","refreshTokenPromises":{},"_clientId":"678387388926-3j7vd5mat5s8b28er8sim9cuqo6v1pqn.apps.googleusercontent.com","_clientSecret":"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","_refreshToken":"1//0gcpZYERfOcuECgYIARAAGBASNwF-L9Ir6zvDFpSFMnPs3xEHx6WLNN8hAKtQHRhu_w-AiyQu_TReY2UV9lplNTl-TBCUwiy6IJ8"}},"google":{"_discovery":{"transporter":{},"options":{"debug":false,"includePrivate":false}},"auth":{"jsonContent":null,"cachedCredential":null,"_cachedProjectId":null},"_options":{}}}},"teamdrives":{"context":{"_options":{"auth":{"_events":{},"_eventsCount":0,"transporter":{},"credentials":{"refresh_token":"1//0gcpZYERfOcuECgYIARAAGBASNwF-L9Ir6zvDFpSFMnPs3xEHx6WLNN8hAKtQHRhu_w-AiyQu_TReY2UV9lplNTl-TBCUwiy6IJ8"},"eagerRefreshThresholdMillis":300000,"forceRefreshOnFailure":false,"certificateCache":{},"certificateExpiry":null,"certificateCacheFormat":"PEM","refreshTokenPromises":{},"_clientId":"678387388926-3j7vd5mat5s8b28er8sim9cuqo6v1pqn.apps.googleusercontent.com","_clientSecret":"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","_refreshToken":"1//0gcpZYERfOcuECgYIARAAGBASNwF-L9Ir6zvDFpSFMnPs3xEHx6WLNN8hAKtQHRhu_w-AiyQu_TReY2UV9lplNTl-TBCUwiy6IJ8"}},"google":{"_discovery":{"transporter":{},"options":{"debug":false,"includePrivate":false}},"auth":{"jsonContent":null,"cachedCredential":null,"_cachedProjectId":null},"_options":{}}}}} 
INFO 2023-05-25T15:27:30.500 DriveController - UploadFileToDrive:  Stored in Drive - {"kind":"drive#file","id":"1P5bOgCUQ6y9dpE7hZvbJoAAfNVhOCx1Y","name":"Home Loan - HL-230525-000071","mimeType":"application/pdf"}: code - 1
